Updating 91d3116..ad9d79e Fast-forward gamemodes/isamp-thiefjob.inc | 10 +- include/streamer.inc | 512 ++++++++++++++++++++++++++++++++++++++++++ 2 files changed, 517 insertions(+), 5 deletions(-) create mode 100644 include/streamer.inc
Updating ad9d79e..051acbb Fast-forward gamemodes/isamp-core.pwn | 33 ++--- gamemodes/isamp-database.inc | 2 +- include/sscanf2.inc | 306 +++++++++++++++++++++++++++--------------- 3 files changed, 214 insertions(+), 127 deletions(-)
Updating 051acbb..e678ae2 Fast-forward gamemodes/isamp-core.pwn | 322 -------------------------------------------- gamemodes/isamp-jobs.inc | 330 +++++++++++++++++++++++++++++++++++++++++++++- 2 files changed, 329 insertions(+), 323 deletions(-)
Updating e678ae2..4af0ace Fast-forward gamemodes/isamp-core.pwn | 44 +++--------------------------------------- gamemodes/isamp-jobs.inc | 48 +++++++++++++++++++++++++++++++++++++++++++++- 2 files changed, 50 insertions(+), 42 deletions(-)
Updating 4af0ace..5c7266a Fast-forward gamemodes/isamp-vehicles.inc | 2 +- 1 file changed, 1 insertion(+), 1 deletion(-)
Updating 5c7266a..3bcb6da Fast-forward gamemodes/isamp-core.pwn | 808 ++++++++++++++++++++++------------------------ 1 file changed, 384 insertions(+), 424 deletions(-)
Updating 3bcb6da..b7ba9ea Fast-forward gamemodes/isamp-core.pwn | 5044 +------------------------------------------ gamemodes/isamp-mapeos.inc | 5052 ++++++++++++++++++++++++++++++++++++++++++++ 2 files changed, 5055 insertions(+), 5041 deletions(-) create mode 100644 gamemodes/isamp-mapeos.inc
Updating b7ba9ea..50254e4 Fast-forward gamemodes/isamp-saludocoordinado.inc | 178 ++++++++++++++++++++++++++++++++++ 1 file changed, 178 insertions(+) create mode 100644 gamemodes/isamp-saludocoordinado.inc
Updating 50254e4..760c166 Fast-forward gamemodes/isamp-core.pwn | 1837 +++++++++++++++++++++++----------------------- 1 file changed, 919 insertions(+), 918 deletions(-)
Updating 760c166..e0d565c Fast-forward gamemodes/isamp-saludocoordinado.inc | 301 ++++++++++++++++------------------ 1 file changed, 144 insertions(+), 157 deletions(-)

Updating e0d565c..17baa24 Fast-forward gamemodes/isamp-mapeos.inc | 135 +++++++++++++++++++++++++++++++++++++++++++- 1 file changed, 133 insertions(+), 2 deletions(-)
Updating 17baa24..8af8928 Fast-forward gamemodes/isamp-core.pwn | 1837 +++++++++++++++++++++++----------------------- 1 file changed, 918 insertions(+), 919 deletions(-)
Updating 8af8928..78dfce9 Fast-forward gamemodes/isamp-mapeos.inc | 3 ++- 1 file changed, 2 insertions(+), 1 deletion(-)
Updating 78dfce9..380a79a Fast-forward gamemodes/isamp-mapeos.inc | 32 ++++++++++++++++---------------- 1 file changed, 16 insertions(+), 16 deletions(-)
Updating 380a79a..6ce9636 Fast-forward gamemodes/isamp-mapeos.inc | 111 -------------------------------------------- 1 file changed, 111 deletions(-)
Updating 6ce9636..778483e Fast-forward gamemodes/isamp-mapeos.inc | 111 ++++++++++++++++++++++++++++++++++++++++++++ 1 file changed, 111 insertions(+)
Updating 778483e..bf3b431 Fast-forward gamemodes/isamp-core.pwn | 76 ++++----- gamemodes/isamp-mapeos.inc | 401 ++++++++++++++++++++++++++++++-------------- 2 files changed, 310 insertions(+), 167 deletions(-)
Updating bf3b431..a4f8689 Fast-forward gamemodes/isamp-core.pwn | 4 ++-- 1 file changed, 2 insertions(+), 2 deletions(-)
Updating a4f8689..7b209e5 Fast-forward gamemodes/isamp-core.pwn | 4 ++-- 1 file changed, 2 insertions(+), 2 deletions(-)
Updating 7b209e5..d76b4e2 Fast-forward gamemodes/isamp-core.pwn | 2 +- 1 file changed, 1 insertion(+), 1 deletion(-)
Updating d76b4e2..db94e13 Fast-forward gamemodes/isamp-core.pwn | 1 + gamemodes/isamp-saludocoordinado.inc | 34 +++++++++++++++++----------------- 2 files changed, 18 insertions(+), 17 deletions(-)
Updating db94e13..2ce8af1 Fast-forward
Updating 2ce8af1..76cb010 Fast-forward gamemodes/isamp-saludocoordinado.inc | 36 +++++++++++++++++----------------- 1 file changed, 18 insertions(+), 18 deletions(-)
Updating 76cb010..e40ab1c Fast-forward gamemodes/isamp-core.pwn | 2 +- 1 file changed, 1 insertion(+), 1 deletion(-)
Updating e40ab1c..03bca12 Fast-forward gamemodes/isamp-core.pwn | 2 +- 1 file changed, 1 insertion(+), 1 deletion(-)
Updating 03bca12..6388e44 Fast-forward gamemodes/isamp-saludocoordinado.inc | 62 ++++++---------------------------- 1 file changed, 10 insertions(+), 52 deletions(-)
Updating 6388e44..2672f3c Fast-forward gamemodes/isamp-saludocoordinado.inc | 62 ++++++++++++++++++++++++++++------ 1 file changed, 52 insertions(+), 10 deletions(-)
Updating 2672f3c..a27aeeb Fast-forward gamemodes/isamp-saludocoordinado.inc | 36 +++++++++++----------------------- 1 file changed, 11 insertions(+), 25 deletions(-)
Updating a27aeeb..0d8e3de Fast-forward gamemodes/isamp-core.pwn | 6 ++++-- gamemodes/isamp-norespawnautos.inc | 23 +++++++++++++++++++++++ 2 files changed, 27 insertions(+), 2 deletions(-) create mode 100644 gamemodes/isamp-norespawnautos.inc
Updating 0d8e3de..56ce4ae Fast-forward gamemodes/isamp-animhablar.inc | 28 ++++++++++++++++++++++++++++ gamemodes/isamp-core.pwn | 18 ++++++++++++++---- 2 files changed, 42 insertions(+), 4 deletions(-) create mode 100644 gamemodes/isamp-animhablar.inc
Updating 56ce4ae..8c7c581 Fast-forward gamemodes/isamp-core.pwn | 1 + gamemodes/isamp-descripcionyo.inc | 28 ++++++++++++++++++++++++++++ 2 files changed, 29 insertions(+) create mode 100644 gamemodes/isamp-descripcionyo.inc
Updating 8c7c581..938963e Fast-forward gamemodes/isamp-core.pwn | 5 ++++- 1 file changed, 4 insertions(+), 1 deletion(-)
Updating 938963e..a7d09db Fast-forward gamemodes/isamp-core.pwn | 2 -- 1 file changed, 2 deletions(-)
Updating a7d09db..018acb8 Fast-forward gamemodes/isamp-animhablar.inc | 4 ++-- gamemodes/isamp-core.pwn | 6 +++--- gamemodes/isamp-descripcionyo.inc | 41 +++++++++++++++++++------------------ 3 files changed, 26 insertions(+), 25 deletions(-)
Updating 018acb8..b5d31f0 Fast-forward gamemodes/isamp-animations.inc | 13 +++++++++++++ 1 file changed, 13 insertions(+)
Updating b5d31f0..2732a31 Fast-forward gamemodes/isamp-core.pwn | 121 +++++++++++++++++++++++++++++++++++++++++++++- 1 file changed, 120 insertions(+), 1 deletion(-)
Updating 2732a31..528442b Fast-forward gamemodes/isamp-core.pwn | 3 +-- 1 file changed, 1 insertion(+), 2 deletions(-)
Updating 528442b..de0f5fc Fast-forward gamemodes/isamp-core.pwn | 3 ++- 1 file changed, 2 insertions(+), 1 deletion(-)
Updating de0f5fc..ad828d3 Fast-forward gamemodes/isamp-business.inc | 5 +- gamemodes/isamp-core.pwn | 186 ++++++++++++++++++++++++++++++++++-------- 2 files changed, 155 insertions(+), 36 deletions(-)
Updating ad828d3..fad2ffd Fast-forward database/thief-job-update.sql | 19 +++++++++++++++++++ 1 file changed, 19 insertions(+) create mode 100644 database/thief-job-update.sql
Updating fad2ffd..e325f98 Fast-forward gamemodes/isamp-core.pwn | 50 +++++++++++++++++++++++----------------------- 1 file changed, 25 insertions(+), 25 deletions(-)
Updating e325f98..ae1ef9d Fast-forward gamemodes/isamp-core.pwn | 3 ++- 1 file changed, 2 insertions(+), 1 deletion(-)
Updating ae1ef9d..4ec953d Fast-forward gamemodes/isamp-core.pwn | 4 ++-- 1 file changed, 2 insertions(+), 2 deletions(-)
Updating 4ec953d..5eb5f80 Fast-forward gamemodes/isamp-core.pwn | 1 + gamemodes/isamp-descripcionyo.inc | 4 ++-- gamemodes/isamp-mapeos.inc | 6 +++--- 3 files changed, 6 insertions(+), 5 deletions(-)
Updating 5eb5f80..1e5d795 Fast-forward database/20140122-alter-accounts.sql | 2 ++ 1 file changed, 2 insertions(+) create mode 100644 database/20140122-alter-accounts.sql
Updating 1e5d795..de7bb40 Fast-forward gamemodes/isamp-animhablar.inc | 13 ++++++------- gamemodes/isamp-core.pwn | 14 +++++++------- 2 files changed, 13 insertions(+), 14 deletions(-)
Already up-to-date. Yeeah!
Updating de7bb40..604504c Fast-forward gamemodes/isamp-core.pwn | 2 +- gamemodes/isamp-mapeos.inc | 244 +++++++++++++++++++++++++++++++++++++++++++- 2 files changed, 244 insertions(+), 2 deletions(-)
Updating 604504c..637c683 Fast-forward gamemodes/isamp-core.pwn | 9 +- gamemodes/isamp-mapeos.inc | 579 ++++++++++++++++---------------------------- 2 files changed, 219 insertions(+), 369 deletions(-)

Updating 637c683..0f3e41a Fast-forward gamemodes/isamp-core.pwn | 23 +++++++++++++++++++---- 1 file changed, 19 insertions(+), 4 deletions(-)
Already up-to-date. Yeeah!

Updating 0f3e41a..15387fb Fast-forward gamemodes/isamp-business.inc | 8 +- gamemodes/isamp-core.pwn |17305 ------------------------------------------ 2 files changed, 6 insertions(+), 17307 deletions(-) delete mode 100644 gamemodes/isamp-core.pwn
Updating 15387fb..1180054 Fast-forward gamemodes/isamp-business.inc | 8 +- gamemodes/isamp-core.pwn |17305 ++++++++++++++++++++++++++++++++++++++++++ 2 files changed, 17307 insertions(+), 6 deletions(-) create mode 100644 gamemodes/isamp-core.pwn

Updating 1180054..6475f65 Fast-forward gamemodes/isamp-business.inc | 7 +- gamemodes/isamp-core.pwn | 778 +++++++++++++++++++++++++++++------------- 2 files changed, 549 insertions(+), 236 deletions(-)
Updating 6475f65..c7784e0 Fast-forward gamemodes/isamp-core.pwn | 10 +++++----- 1 file changed, 5 insertions(+), 5 deletions(-)
Updating c7784e0..ffeea39 Fast-forward gamemodes/isamp-descripcionyo.inc | 61 +++++++++++++++++++++------------- gamemodes/isamp-saludocoordinado.inc | 9 ++++- 2 files changed, 45 insertions(+), 25 deletions(-)
Updating ffeea39..c900b5b Fast-forward gamemodes/isamp-core.pwn | 3 ++- gamemodes/isamp-descripcionyo.inc | 21 +++++++++++++-------- 2 files changed, 15 insertions(+), 9 deletions(-)
Updating c900b5b..e30b8ca Fast-forward gamemodes/isamp-descripcionyo.inc | 18 +++++++++--------- 1 file changed, 9 insertions(+), 9 deletions(-)
Updating e30b8ca..da825c4 Fast-forward gamemodes/isamp-descripcionyo.inc | 4 ++-- gamemodes/isamp-util.inc | 1 + 2 files changed, 3 insertions(+), 2 deletions(-)
Updating da825c4..bfe04e4 Fast-forward gamemodes/isamp-descripcionyo.inc | 4 ++-- 1 file changed, 2 insertions(+), 2 deletions(-)
Updating bfe04e4..523a5d3 Fast-forward gamemodes/isamp-descripcionyo.inc | 4 ++-- 1 file changed, 2 insertions(+), 2 deletions(-)
Updating 523a5d3..2b8a3a2 Fast-forward gamemodes/isamp-mapeos.inc | 17 +++++++++++++++++ 1 file changed, 17 insertions(+)
Updating 2b8a3a2..39af30a Fast-forward gamemodes/isamp-business.inc | 147 +++++++++++ gamemodes/isamp-core.pwn | 561 ++---------------------------------------- 2 files changed, 161 insertions(+), 547 deletions(-)
Updating 39af30a..2967cab Fast-forward gamemodes/isamp-core.pwn | 589 ++++++++++++++++++++++++++++++++++++++++++++-- 1 file changed, 568 insertions(+), 21 deletions(-)
Updating 2967cab..dc48248 Fast-forward gamemodes/isamp-core.pwn | 589 ++-------------------------------------------- 1 file changed, 21 insertions(+), 568 deletions(-)
Updating dc48248..71fefce Fast-forward gamemodes/isamp-mapeos.inc | 3 +++ 1 file changed, 3 insertions(+)
Updating 71fefce..cd2df96 Fast-forward gamemodes/isamp-core.pwn | 27 +++++++++++++++++++++------ 1 file changed, 21 insertions(+), 6 deletions(-)
Updating cd2df96..e8c54d4 Fast-forward gamemodes/isamp-business.inc | 4 ---- 1 file changed, 4 deletions(-)


Updating e8c54d4..6bc6524 Fast-forward gamemodes/isamp-core.pwn | 11 ++++------- gamemodes/isamp-jobs.inc | 2 ++ 2 files changed, 6 insertions(+), 7 deletions(-)
Already up-to-date. Yeeah!
Already up-to-date. Yeeah!
Already up-to-date. Yeeah!
Already up-to-date. Yeeah!
Already up-to-date. Yeeah!
Already up-to-date. Yeeah!
Updating 6bc6524..c779419 Fast-forward gamemodes/isamp-core.pwn | 1 + gamemodes/isamp-jobs.inc | 5 ++--- 2 files changed, 3 insertions(+), 3 deletions(-)

Updating c779419..7d99450 Fast-forward gamemodes/isamp-core.pwn | 3 ++- 1 file changed, 2 insertions(+), 1 deletion(-)
Updating 7d99450..6b89032 Fast-forward gamemodes/isamp-core.pwn | 2 +- 1 file changed, 1 insertion(+), 1 deletion(-)
Updating 6b89032..1b534f2 Fast-forward gamemodes/isamp-jobs.inc | 14 ++++++++++++++ 1 file changed, 14 insertions(+)
Updating 1b534f2..5e8f87c Fast-forward gamemodes/isamp-core.pwn | 4 ++-- 1 file changed, 2 insertions(+), 2 deletions(-)



Already up-to-date. Yeeah!
Updating 5e8f87c..6c04207 Fast-forward gamemodes/isamp-core.pwn | 2 +- gamemodes/isamp-thiefjob.inc | 4 ++-- 2 files changed, 3 insertions(+), 3 deletions(-)
Updating 6c04207..d0eb375 Fast-forward
Updating d0eb375..0fe7108 Fast-forward gamemodes/isamp-core.pwn | 6 ------ gamemodes/isamp-jobs.inc | 20 ++------------------ gamemodes/isamp-vehicles.inc | 6 ++++-- 3 files changed, 6 insertions(+), 26 deletions(-)


Updating 0fe7108..4a4b81a Fast-forward gamemodes/isamp-core.pwn | 3 +++ 1 file changed, 3 insertions(+)

Updating 4a4b81a..02e9816 Fast-forward gamemodes/isamp-core.pwn | 1 + gamemodes/isamp-vehicles.inc | 17 ++++++++++++++++- 2 files changed, 17 insertions(+), 1 deletion(-)
Updating 02e9816..d465a90 Fast-forward include/Vectoral.inc | 25 +++++++++ include/Vectoral_Deque.inc | 71 ++++++++++++++++++++++++ include/Vectoral_Map.inc | 113 ++++++++++++++++++++++++++++++++++++++ include/Vectoral_Multimap.inc | 122 +++++++++++++++++++++++++++++++++++++++++ include/Vectoral_Vector.inc | 75 +++++++++++++++++++++++++ 5 files changed, 406 insertions(+) create mode 100644 include/Vectoral.inc create mode 100644 include/Vectoral_Deque.inc create mode 100644 include/Vectoral_Map.inc create mode 100644 include/Vectoral_Multimap.inc create mode 100644 include/Vectoral_Vector.inc
Updating d465a90..33544aa Fast-forward gamemodes/isamp-core.pwn | 141 ++++++---------------------- gamemodes/isamp-database.inc | 1 - gamemodes/isamp-drugs.inc | 4 +- gamemodes/isamp-factions.inc | 2 - gamemodes/isamp-jobs.inc | 31 ++++-- gamemodes/isamp-keychain.inc | 214 ++++++++++++++++++++++++++++++++++++++++++ gamemodes/isamp-players.inc | 4 +- gamemodes/isamp-vehicles.inc | 124 ++++++++++++++++-------- gamemodes/isamp_keychain.inc | 110 ---------------------- 9 files changed, 355 insertions(+), 276 deletions(-) create mode 100644 gamemodes/isamp-keychain.inc delete mode 100644 gamemodes/isamp_keychain.inc
Updating 33544aa..31feaea Fast-forward database/create-carkeys.sql | 6 +++++- 1 file changed, 5 insertions(+), 1 deletion(-)
Updating 31feaea..2213f03 Fast-forward database/create-carkeys.sql | 4 ++-- gamemodes/isamp-core.pwn | 16 ++++++++++++---- gamemodes/isamp-keychain.inc | 4 ++-- 3 files changed, 16 insertions(+), 8 deletions(-)

Updating 2213f03..b62f145 Fast-forward gamemodes/isamp-core.pwn | 56 +++++++++++++++++++++++----------------------- 1 file changed, 28 insertions(+), 28 deletions(-)

Updating b62f145..144c5a9 Fast-forward gamemodes/isamp-core.pwn | 2 +- 1 file changed, 1 insertion(+), 1 deletion(-)
Updating 144c5a9..ca56321 Fast-forward gamemodes/isamp-core.pwn | 51 ++++++++++++++++++++++++++++++++++++++---- gamemodes/isamp-keychain.inc | 43 +++++++++++++++++++++++++++++++++-- 2 files changed, 88 insertions(+), 6 deletions(-)
Updating ca56321..fcda73f Fast-forward gamemodes/isamp-core.pwn | 4 ++-- 1 file changed, 2 insertions(+), 2 deletions(-)
Updating fcda73f..53e4f11 Fast-forward gamemodes/isamp-core.pwn | 2 +- gamemodes/isamp-keychain.inc | 18 +++++++++--------- 2 files changed, 10 insertions(+), 10 deletions(-)
Updating 53e4f11..2d743b7 Fast-forward gamemodes/isamp-keychain.inc | 2 +- 1 file changed, 1 insertion(+), 1 deletion(-)
Updating 2d743b7..686c205 Fast-forward gamemodes/isamp-core.pwn | 3 +++ gamemodes/isamp-keychain.inc | 4 +++- 2 files changed, 6 insertions(+), 1 deletion(-)
Updating 686c205..e90e70c Fast-forward gamemodes/isamp-core.pwn | 5 ++++- 1 file changed, 4 insertions(+), 1 deletion(-)
Updating e90e70c..6822736 Fast-forward gamemodes/isamp-core.pwn | 2 +- 1 file changed, 1 insertion(+), 1 deletion(-)
Updating 6822736..4affd23 Fast-forward gamemodes/isamp-core.pwn | 2 +- 1 file changed, 1 insertion(+), 1 deletion(-)
Updating 4affd23..f474797 Fast-forward gamemodes/isamp-descripcionyo.inc | 16 ++++++++++------ 1 file changed, 10 insertions(+), 6 deletions(-)
Updating f474797..44ab908 Fast-forward gamemodes/isamp-keychain.inc | 20 +++++++++----------- 1 file changed, 9 insertions(+), 11 deletions(-)
Updating 44ab908..046858a Fast-forward gamemodes/isamp-core.pwn | 14 ++++++-------- gamemodes/isamp-keychain.inc | 29 +++++++++++++++++++---------- 2 files changed, 25 insertions(+), 18 deletions(-)
Updating 046858a..240f359 Fast-forward gamemodes/isamp-core.pwn | 22 ++++------ gamemodes/isamp-mapeos.inc | 95 +++----------------------------------------- 2 files changed, 14 insertions(+), 103 deletions(-)
Already up-to-date. Yeeah!
Updating 240f359..d583de2 Fast-forward gamemodes/isamp-core.pwn | 34 ++++++++++++++++++++++++++++++---- 1 file changed, 30 insertions(+), 4 deletions(-)
Updating d583de2..cf3d85c Fast-forward gamemodes/isamp-core.pwn | 4 ++-- 1 file changed, 2 insertions(+), 2 deletions(-)

Updating cf3d85c..ca82049 Fast-forward gamemodes/isamp-core.pwn | 45 +++++++++++-- gamemodes/isamp-maletin.inc | 153 +++++++++++++++++++++++++++++++++++++++++++ gamemodes/isamp-players.inc | 7 +- 3 files changed, 196 insertions(+), 9 deletions(-) create mode 100644 gamemodes/isamp-maletin.inc
Updating ca82049..5f6eb96 Fast-forward gamemodes/isamp-core.pwn | 1 + 1 file changed, 1 insertion(+)
Updating 5f6eb96..b1380d1 Fast-forward gamemodes/isamp-core.pwn | 1 + 1 file changed, 1 insertion(+)
Updating b1380d1..2bccf3c Fast-forward gamemodes/isamp-core.pwn | 2 -- 1 file changed, 2 deletions(-)


































































































































































































































































































































Updating 2bccf3c..55c3202 Fast-forward gamemodes/isamp-ascensor.inc | 202 +++++++++++++++++++++++++ gamemodes/isamp-core.pwn | 59 ++++---- gamemodes/isamp-maletin.inc | 10 +- gamemodes/isamp-mapeos.inc | 334 ++++++++++++++++++++++++++++++++++++++++++ 4 files changed, 573 insertions(+), 32 deletions(-) create mode 100644 gamemodes/isamp-ascensor.inc
Updating 55c3202..a2286b4 Fast-forward gamemodes/isamp-maletin.inc | 6 +++--- gamemodes/isamp-mapeos.inc | 2 +- 2 files changed, 4 insertions(+), 4 deletions(-)
Already up-to-date. Yeeah!
Updating a2286b4..a8c3cca Fast-forward gamemodes/isamp-thiefjob.inc | 74 +++++++++++++++++++++++++++++++++++++++--- 1 file changed, 69 insertions(+), 5 deletions(-)
Updating a8c3cca..a918a43 Fast-forward gamemodes/isamp-thiefjob.inc | 5 ++--- 1 file changed, 2 insertions(+), 3 deletions(-)
Updating a918a43..4f4fc02 Fast-forward gamemodes/isamp-ascensor.inc | 335 ++++++++++++++++++++++++------------------ gamemodes/isamp-core.pwn | 3 +- gamemodes/isamp-mapeos.inc | 111 ++++++++------ 3 files changed, 259 insertions(+), 190 deletions(-)
Updating 4f4fc02..662b7fc Fast-forward gamemodes/isamp-ascensor.inc | 20 ++++++++++---------- gamemodes/isamp-core.pwn | 4 ++++ 2 files changed, 14 insertions(+), 10 deletions(-)
Updating 662b7fc..c81187d Fast-forward gamemodes/isamp-core.pwn | 36 +++++++++++++----------------------- 1 file changed, 13 insertions(+), 23 deletions(-)
Updating c81187d..bfb5d5f Fast-forward gamemodes/isamp-core.pwn | 4 ++-- 1 file changed, 2 insertions(+), 2 deletions(-)
Updating bfb5d5f..2c20f76 Fast-forward gamemodes/isamp-core.pwn | 3 ++- gamemodes/isamp-lojack.inc | 42 ++++++++++++++++++++++++++++++++++++++++++ 2 files changed, 44 insertions(+), 1 deletion(-) create mode 100644 gamemodes/isamp-lojack.inc
Updating 2c20f76..2f7b666 Fast-forward gamemodes/isamp-core.pwn | 3 +-- gamemodes/isamp-lojack.inc | 42 ------------------------------------------ 2 files changed, 1 insertion(+), 44 deletions(-) delete mode 100644 gamemodes/isamp-lojack.inc
Updating 2f7b666..44ee4fe Fast-forward gamemodes/isamp-animhablar.inc | 34 +- gamemodes/isamp-armarios.inc | 361 ++++++++++++++ gamemodes/isamp-core.pwn | 872 +--------------------------------- gamemodes/isamp-descripcionyo.inc | 94 ++-- gamemodes/isamp-drugs.inc | 222 ++++++++- gamemodes/isamp-saludocoordinado.inc | 255 ++++------ gamemodes/isamp-slotsystem.inc | 130 +++++ gamemodes/isamp-vehicles.inc | 59 ++- 8 files changed, 921 insertions(+), 1106 deletions(-) create mode 100644 gamemodes/isamp-armarios.inc create mode 100644 gamemodes/isamp-slotsystem.inc
Updating 44ee4fe..22b6746 Fast-forward gamemodes/isamp-core.pwn | 3 ++- gamemodes/isamp-lojack.inc | 42 ++++++++++++++++++++++++++++++++++++++++++ 2 files changed, 44 insertions(+), 1 deletion(-) create mode 100644 gamemodes/isamp-lojack.inc
Updating 22b6746..26cae9a Fast-forward gamemodes/isamp-keychain.inc | 42 ++++++++++++++++++++++++++++++------------ 1 file changed, 30 insertions(+), 12 deletions(-)
Updating 26cae9a..0051c73 Fast-forward gamemodes/isamp-core.pwn | 34 +++++++++++++++++++++------------- gamemodes/isamp-vehicles.inc | 3 ++- 2 files changed, 23 insertions(+), 14 deletions(-)
Updating 0051c73..7e7d2b6 Fast-forward gamemodes/isamp-core.pwn | 2 +- 1 file changed, 1 insertion(+), 1 deletion(-)
Updating 7e7d2b6..42a89ad Fast-forward gamemodes/isamp-armarios.inc | 123 ++++++++++------- gamemodes/isamp-core.pwn | 290 ++++++++++++---------------------------- gamemodes/isamp-inventory.inc | 180 ++++++++++++++++--------- gamemodes/isamp-items.inc | 109 +++++++++++++++ gamemodes/isamp-players.inc | 7 - gamemodes/isamp-slotsystem.inc | 40 ++++-- gamemodes/isamp-vehicles.inc | 184 ++++++++++++------------- 7 files changed, 512 insertions(+), 421 deletions(-) create mode 100644 gamemodes/isamp-items.inc
Updating 42a89ad..7ed0e1d Fast-forward gamemodes/isamp-armarios.inc | 2 +- gamemodes/isamp-core.pwn | 100 ---------------------------------------- gamemodes/isamp-inventory.inc | 102 ++++++++++++++++++++++++++++++++++++++++- gamemodes/isamp-items.inc | 2 +- gamemodes/isamp-vehicles.inc | 2 +- 5 files changed, 104 insertions(+), 104 deletions(-)
Updating 7ed0e1d..1c8190f Fast-forward gamemodes/isamp-inventory.inc | 2 +- gamemodes/isamp-items.inc | 4 +++- gamemodes/isamp-slotsystem.inc | 4 ++-- 3 files changed, 6 insertions(+), 4 deletions(-)
Updating 1c8190f..17e4cbf Fast-forward gamemodes/isamp-inventory.inc | 2 +- gamemodes/isamp-items.inc | 4 +++- 2 files changed, 4 insertions(+), 2 deletions(-)
Updating 17e4cbf..3d1d48a Fast-forward gamemodes/isamp-core.pwn | 27 +++--- gamemodes/isamp-inventory.inc | 42 ++++++++-- gamemodes/isamp-items.inc | 3 +- gamemodes/isamp-maletin.inc | 185 +++++++++++++---------------------------- 4 files changed, 105 insertions(+), 152 deletions(-)
Updating 3d1d48a..2a37098 Fast-forward gamemodes/isamp-inventory.inc | 4 +++- gamemodes/isamp-maletin.inc | 6 ++++-- 2 files changed, 7 insertions(+), 3 deletions(-)
Updating 2a37098..3222622 Fast-forward gamemodes/isamp-core.pwn | 2 +- 1 file changed, 1 insertion(+), 1 deletion(-)
Updating 3222622..08fca52 Fast-forward gamemodes/isamp-core.pwn | 10 +++++++++- 1 file changed, 9 insertions(+), 1 deletion(-)
Updating 08fca52..26eab37 Fast-forward gamemodes/isamp-core.pwn | 101 +++++++++++++++++++++++++++++++++++++++++++++- 1 file changed, 100 insertions(+), 1 deletion(-)
Updating 26eab37..07de794 Fast-forward gamemodes/isamp-casco.inc | 94 +++++++++++++++++++++++++ gamemodes/isamp-core.pwn | 162 +++++++++++++++++++++++++++++++++++++------ gamemodes/isamp-items.inc | 10 ++- gamemodes/isamp-players.inc | 10 +-- 4 files changed, 246 insertions(+), 30 deletions(-) create mode 100644 gamemodes/isamp-casco.inc
Updating 07de794..6043dcb Fast-forward gamemodes/isamp-core.pwn | 2 +- 1 file changed, 1 insertion(+), 1 deletion(-)
Updating 6043dcb..e891dc6 Fast-forward gamemodes/isamp-core.pwn | 1 + gamemodes/isamp-items.inc | 10 +++++----- 2 files changed, 6 insertions(+), 5 deletions(-)
Updating e891dc6..7201f7b Fast-forward gamemodes/isamp-casco.inc | 15 +++++++++++++-- 1 file changed, 13 insertions(+), 2 deletions(-)
Updating 7201f7b..5696369 Fast-forward gamemodes/isamp-casco.inc | 24 ++++++++++++------------ 1 file changed, 12 insertions(+), 12 deletions(-)
Updating 5696369..a57feee Fast-forward gamemodes/isamp-inventory.inc | 9 +++++++++ 1 file changed, 9 insertions(+)
Updating a57feee..ce8a8cf Fast-forward gamemodes/isamp-core.pwn | 7 ++++--- 1 file changed, 4 insertions(+), 3 deletions(-)
Updating ce8a8cf..fb11aed Fast-forward gamemodes/isamp-casco.inc | 31 +++-- gamemodes/isamp-core.pwn | 304 ++++++++++++++++------------------------- gamemodes/isamp-inventory.inc | 31 ++--- gamemodes/isamp-items.inc | 185 ++++++++++++++++--------- 4 files changed, 262 insertions(+), 289 deletions(-)
Updating fb11aed..e373bfa Fast-forward gamemodes/isamp-casco.inc | 71 +++++++++++++++++++++++++++++++-------------- gamemodes/isamp-core.pwn | 8 +++-- gamemodes/isamp-items.inc | 3 +- 3 files changed, 56 insertions(+), 26 deletions(-)
Updating e373bfa..1cb116d Fast-forward gamemodes/isamp-casco.inc | 2 +- gamemodes/isamp-core.pwn | 9 --------- gamemodes/isamp-inventory.inc | 13 ++++++++++++- 3 files changed, 13 insertions(+), 11 deletions(-)


Updating 1cb116d..45acd09 Fast-forward gamemodes/isamp-armarios.inc | 9 +-- gamemodes/isamp-casco.inc | 140 +++++++++++++++++------------------- gamemodes/isamp-core.pwn | 155 +++++++++------------------------------- gamemodes/isamp-inventory.inc | 31 ++++---- gamemodes/isamp-items.inc | 57 ++++++++++----- gamemodes/isamp-maletin.inc | 36 ++++------ gamemodes/isamp-mano.inc | 133 ++++++++++++++++++++++++++++++++++ gamemodes/isamp-players.inc | 4 -- gamemodes/isamp-slotsystem.inc | 27 +++++++ gamemodes/isamp-vehicles.inc | 11 +-- 10 files changed, 335 insertions(+), 268 deletions(-) create mode 100644 gamemodes/isamp-mano.inc
Updating 45acd09..a4d1705 Fast-forward gamemodes/isamp-core.pwn | 2 +- gamemodes/isamp-inventory.inc | 14 +++++++++++++- gamemodes/isamp-items.inc | 2 +- gamemodes/isamp-mano.inc | 13 +++++++++++-- 4 files changed, 26 insertions(+), 5 deletions(-)
Updating a4d1705..7131c99 Fast-forward gamemodes/isamp-core.pwn | 8 ++++++++ 1 file changed, 8 insertions(+)
Updating 7131c99..fc37b25 Fast-forward gamemodes/isamp-core.pwn | 2 +- 1 file changed, 1 insertion(+), 1 deletion(-)
Updating fc37b25..5ba75b8 Fast-forward gamemodes/isamp-core.pwn | 2 +- 1 file changed, 1 insertion(+), 1 deletion(-)
Updating 5ba75b8..0801c0b Fast-forward gamemodes/isamp-casco.inc | 2 +- gamemodes/isamp-core.pwn | 8 +------- gamemodes/isamp-inventory.inc | 34 +--------------------------------- gamemodes/isamp-items.inc | 41 ++++++++++++++++++++++++++--------------- 4 files changed, 29 insertions(+), 56 deletions(-)
Updating 0801c0b..8a22e68 Fast-forward gamemodes/isamp-core.pwn | 5 +++++ 1 file changed, 5 insertions(+)
Updating 8a22e68..c7ce3b0 Fast-forward gamemodes/isamp-armarios.inc | 79 +++++++++++++++++++++++----- gamemodes/isamp-core.pwn | 117 +++++++++++++---------------------------- gamemodes/isamp-inventory.inc | 109 +++++++++++++++++++++----------------- gamemodes/isamp-items.inc | 13 +++-- gamemodes/isamp-mano.inc | 37 ++++++++++++- gamemodes/isamp-vehicles.inc | 99 +++++++++++++++++++++++----------- 6 files changed, 271 insertions(+), 183 deletions(-)
Updating c7ce3b0..85804e1 Fast-forward gamemodes/isamp-casco.inc | 12 ++++++------ gamemodes/isamp-inventory.inc | 2 ++ gamemodes/isamp-items.inc | 19 ++++++++++++++++++- gamemodes/isamp-maletin.inc | 6 +++--- 4 files changed, 29 insertions(+), 10 deletions(-)
Updating 85804e1..afc90e2 Fast-forward gamemodes/isamp-items.inc | 125 +++++++++++++++++++++++---------------------- 1 file changed, 63 insertions(+), 62 deletions(-)
Updating afc90e2..97a99f7 Fast-forward gamemodes/isamp-core.pwn | 5 +- gamemodes/isamp-items.inc | 7 +++ gamemodes/isamp-mano.inc | 9 +-- gamemodes/isamp-objects.inc | 131 +++++++++++++++++++++++++++++++++++++++++++ 4 files changed, 144 insertions(+), 8 deletions(-) create mode 100644 gamemodes/isamp-objects.inc
Updating 97a99f7..8bb8163 Fast-forward gamemodes/isamp-core.pwn | 23 +++++----- gamemodes/isamp-items.inc | 9 ++-- gamemodes/isamp-mano.inc | 7 ++- gamemodes/isamp-objects.inc | 103 +++++++++++++++++++++++-------------------- 4 files changed, 78 insertions(+), 64 deletions(-)
Updating 8bb8163..12b8b58 Fast-forward gamemodes/isamp-armarios.inc | 2 +- gamemodes/isamp-business.inc | 78 +++++++++++++++++- gamemodes/isamp-core.pwn | 185 ++++++++++++++++++------------------------ gamemodes/isamp-houses.inc | 1 + gamemodes/isamp-vehicles.inc | 7 +- 5 files changed, 163 insertions(+), 110 deletions(-)
Updating 12b8b58..a634b90 Fast-forward gamemodes/isamp-business.inc | 1 + gamemodes/isamp-casco.inc | 2 +- gamemodes/isamp-core.pwn | 775 +-------------------------------------- gamemodes/isamp-houses.inc | 817 +++++++++++++++++++++++++++++++++++++++++- 4 files changed, 819 insertions(+), 776 deletions(-)
Updating a634b90..9fd336d Fast-forward gamemodes/isamp-thiefjob.inc | 2 +- 1 file changed, 1 insertion(+), 1 deletion(-)
Updating 9fd336d..bf8e5e5 Fast-forward gamemodes/isamp-core.pwn | 9 + gamemodes/isamp-robobanco.inc | 445 +++++++++++++++++++++++++++++++++++++++++ 2 files changed, 454 insertions(+) create mode 100644 gamemodes/isamp-robobanco.inc
Updating bf8e5e5..f410b51 Fast-forward gamemodes/isamp-core.pwn | 29 +++++++++++++++++++++++++++++ 1 file changed, 29 insertions(+)
Updating f410b51..47090a4 Fast-forward gamemodes/isamp-items.inc | 133 ++++++++++++++++++++++++--------------------- 1 file changed, 70 insertions(+), 63 deletions(-)
Updating 47090a4..986d878 Fast-forward gamemodes/isamp-core.pwn | 34 +++++++++++++++++----------------- gamemodes/isamp-robobanco.inc | 6 +++--- 2 files changed, 20 insertions(+), 20 deletions(-)
Updating 986d878..aefe91e Fast-forward gamemodes/isamp-items.inc | 45 +++++++++++++++++++++++++++++++++++++++++++++ 1 file changed, 45 insertions(+)
Updating aefe91e..ba6090e Fast-forward gamemodes/isamp-armarios.inc | 2 +- gamemodes/isamp-casco.inc | 34 ++-------- gamemodes/isamp-core.pwn | 70 +++++++++++--------- gamemodes/isamp-drugs.inc | 12 +++- gamemodes/isamp-inventory.inc | 2 +- gamemodes/isamp-items.inc | 123 +++++++++++++++--------------------- gamemodes/isamp-lojack.inc | 80 +++++++++++++---------- gamemodes/isamp-maletin.inc | 18 +----- gamemodes/isamp-mano.inc | 8 +-- gamemodes/isamp-norespawnautos.inc | 23 ------- gamemodes/isamp-objects.inc | 2 +- gamemodes/isamp-vehicles.inc | 2 +- 12 files changed, 166 insertions(+), 210 deletions(-) delete mode 100644 gamemodes/isamp-norespawnautos.inc
Updating ba6090e..b8465d2 Fast-forward gamemodes/isamp-core.pwn | 30 +- gamemodes/isamp-factions.inc | 12 + gamemodes/isamp-items.inc | 1 + gamemodes/isamp-robobanco.inc | 732 ++++++++++++++++++++--------------------- 4 files changed, 376 insertions(+), 399 deletions(-)
Updating b8465d2..639ff82 Fast-forward gamemodes/isamp-casco.inc | 10 ++-- gamemodes/isamp-core.pwn | 6 --- gamemodes/isamp-robobanco.inc | 119 ++++++++++++++++++++++++++++++++--------- gamemodes/isamp-thiefjob.inc | 4 +- 4 files changed, 101 insertions(+), 38 deletions(-)
Updating 639ff82..e3a2eb6 Fast-forward gamemodes/isamp-robobanco.inc | 1 + 1 file changed, 1 insertion(+)
Updating e3a2eb6..9734b33 Fast-forward gamemodes/isamp-carthief.inc | 159 ++++++++++++++++++++++++++++++++++++++++++ gamemodes/isamp-core.pwn | 12 +++- gamemodes/isamp-util.inc | 2 + 3 files changed, 172 insertions(+), 1 deletion(-) create mode 100644 gamemodes/isamp-carthief.inc
Updating 9734b33..b0d232b Fast-forward gamemodes/isamp-carthief.inc | 37 +++++++++++++++++++++++++++---------- gamemodes/isamp-core.pwn | 4 ++-- 2 files changed, 29 insertions(+), 12 deletions(-)
Updating b0d232b..874a16b Fast-forward gamemodes/isamp-carthief.inc | 10 ++++------ gamemodes/isamp-core.pwn | 6 +++--- gamemodes/isamp-objects.inc | 4 ++-- 3 files changed, 9 insertions(+), 11 deletions(-)
Updating 874a16b..cc8b6d2 Fast-forward gamemodes/isamp-objects.inc | 56 ++++++++++++++++++++++++++++++++----------- 1 file changed, 42 insertions(+), 14 deletions(-)
Updating cc8b6d2..2338697 Fast-forward gamemodes/isamp-carthief.inc | 34 +++++++++++++++++++--------------- gamemodes/isamp-thiefjob.inc | 32 +++++++++++++++++--------------- 2 files changed, 36 insertions(+), 30 deletions(-)
Updating 2338697..50ce277 Fast-forward gamemodes/isamp-mapeos.inc | 197 +++++++++++++++++++++++++++++++++++++++++++- 1 file changed, 194 insertions(+), 3 deletions(-)
Updating 50ce277..0a0fd70 Fast-forward gamemodes/isamp-core.pwn | 71 ++++++++++++++++++++++++++++++++++++++++++---- 1 file changed, 66 insertions(+), 5 deletions(-)
Updating 0a0fd70..85cf363 Fast-forward gamemodes/isamp-core.pwn | 12 ++++++------ gamemodes/isamp-robobanco.inc | 1 + 2 files changed, 7 insertions(+), 6 deletions(-)
Updating 85cf363..55fa3eb Fast-forward gamemodes/isamp-robobanco.inc | 5 ++++- 1 file changed, 4 insertions(+), 1 deletion(-)
Updating 55fa3eb..f59b99d Fast-forward gamemodes/isamp-factions.inc | 22 +++++++++++++++------- gamemodes/isamp-robobanco.inc | 16 ++++++++++------ 2 files changed, 25 insertions(+), 13 deletions(-)
Updating f59b99d..6936192 Fast-forward gamemodes/isamp-robobanco.inc | 33 ++++++++++++++++++++++++++------- 1 file changed, 26 insertions(+), 7 deletions(-)
Updating 6936192..41ce0fd Fast-forward gamemodes/isamp-factions.inc | 6 +- gamemodes/isamp-robobanco.inc | 160 ++++++++++++++++++++++++----------------- 2 files changed, 97 insertions(+), 69 deletions(-)


Updating 41ce0fd..464828e Fast-forward gamemodes/isamp-core.pwn | 20 +++++++++++++++++++- 1 file changed, 19 insertions(+), 1 deletion(-)
Updating 464828e..f570419 Fast-forward gamemodes/isamp-mapeos.inc | 68 ++++++++++++++++++++++++++++++++++++++++- gamemodes/isamp-robobanco.inc | 45 ++++++++++++++------------- 2 files changed, 90 insertions(+), 23 deletions(-)
Updating f570419..c3bde79 Fast-forward gamemodes/isamp-core.pwn | 40 +-- gamemodes/isamp-mapeos.inc | 4 +- gamemodes/isamp-robobanco.inc | 549 +++++++++++++++++++++++++---------------- 3 files changed, 345 insertions(+), 248 deletions(-)
Updating c3bde79..f5680f6 Fast-forward gamemodes/isamp-core.pwn | 20 +++++++++++++++++++- 1 file changed, 19 insertions(+), 1 deletion(-)
Updating f5680f6..bc9cef1 Fast-forward gamemodes/isamp-core.pwn | 1 + 1 file changed, 1 insertion(+)
Updating bc9cef1..fecd360 Fast-forward gamemodes/isamp-core.pwn | 2 +- gamemodes/isamp-saludocoordinado.inc | 6 +++--- 2 files changed, 4 insertions(+), 4 deletions(-)
Updating fecd360..cc441f0 Fast-forward gamemodes/isamp-core.pwn | 4 ++-- gamemodes/isamp-robobanco.inc | 9 +++++++-- 2 files changed, 9 insertions(+), 4 deletions(-)
Updating cc441f0..a19917c Fast-forward gamemodes/isamp-business.inc | 727 ++++++++++++++++++++++------------------- gamemodes/isamp-core.pwn | 62 +--- gamemodes/isamp-houses.inc | 29 +- gamemodes/isamp-robobanco.inc | 40 +-- 4 files changed, 424 insertions(+), 434 deletions(-)




Already up-to-date. Yeeah!
Updating a19917c..ef638b2 Fast-forward gamemodes/isamp-carthief.inc | 109 ++++--- gamemodes/isamp-core.pwn | 540 +++++----------------------------- gamemodes/isamp-items.inc | 2 +- gamemodes/isamp-keychain.inc | 29 -- gamemodes/isamp-mechanic.inc | 666 ++++++++++++++++++++++++++++++++++++++++++ gamemodes/isamp-thiefjob.inc | 32 +- 6 files changed, 832 insertions(+), 546 deletions(-) create mode 100644 gamemodes/isamp-mechanic.inc
Updating ef638b2..3cb310c Fast-forward gamemodes/isamp-core.pwn | 14 +++++++++++--- gamemodes/isamp-mechanic.inc | 14 +++++++++++--- 2 files changed, 22 insertions(+), 6 deletions(-)
Updating 3cb310c..406e8a8 Fast-forward gamemodes/isamp-core.pwn | 9 +++++- gamemodes/isamp-mechanic.inc | 62 ++++++++++++++++++++++++++++++++++++++++++ 2 files changed, 70 insertions(+), 1 deletion(-)















Updating 406e8a8..95b9bdf Fast-forward gamemodes/isamp-mechanic.inc | 2 -- 1 file changed, 2 deletions(-)
Updating 95b9bdf..5baad11 Fast-forward gamemodes/isamp-mechanic.inc | 5 ----- 1 file changed, 5 deletions(-)
Updating 5baad11..9d89b30 Fast-forward gamemodes/isamp-armarios.inc | 6 ++--- gamemodes/isamp-carthief.inc | 5 +--- gamemodes/isamp-casco.inc | 2 -- gamemodes/isamp-core.pwn | 60 ++++++++++++++++++----------------------- gamemodes/isamp-inventory.inc | 6 ++--- gamemodes/isamp-items.inc | 15 +++-------- gamemodes/isamp-mano.inc | 25 +++++++---------- gamemodes/isamp-mechanic.inc | 52 ++++++++++++++++++++--------------- gamemodes/isamp-objects.inc | 2 -- gamemodes/isamp-vehicles.inc | 6 ++--- 10 files changed, 78 insertions(+), 101 deletions(-)




















































































































































































































































































































































































































































Updating 9d89b30..20b5cdf Fast-forward gamemodes/isamp-mapeos.inc | 431 ++++++++++++++++++++++++++++++++++++++++++++ 1 file changed, 431 insertions(+)















Already up-to-date. Yeeah!











Updating 20b5cdf..32fc03c Fast-forward gamemodes/isamp-mapeos.inc | 467 ++++++++++++++++++++++++++++++++++++++++++++ 1 file changed, 467 insertions(+)
Updating 32fc03c..4bb0e46 Fast-forward gamemodes/isamp-mapeos.inc | 205 ++++++++++++++++++++++++++------------------ 1 file changed, 120 insertions(+), 85 deletions(-)
Updating 4bb0e46..86d85ff Fast-forward gamemodes/isamp-mapeos.inc | 14 +++++++++++--- 1 file changed, 11 insertions(+), 3 deletions(-)



Already up-to-date. Yeeah!
Already up-to-date. Yeeah!



Already up-to-date. Yeeah!



Already up-to-date. Yeeah!






























































































































































































Already up-to-date. Yeeah!






Updating 86d85ff..c71ccfa Fast-forward gamemodes/isamp-core.pwn | 3 ++- gamemodes/isamp-inventory.inc | 3 ++- 2 files changed, 4 insertions(+), 2 deletions(-)
Updating c71ccfa..6fefe3a Fast-forward gamemodes/isamp-core.pwn | 22 ++++++++++++++++++++++ 1 file changed, 22 insertions(+)
Updating 6fefe3a..c3cf9ce Fast-forward gamemodes/isamp-core.pwn | 47 +++++++++++++++++++++++++++++++++++++++++++++- 1 file changed, 46 insertions(+), 1 deletion(-)













Already up-to-date. Yeeah!
Already up-to-date. Yeeah!
Already up-to-date. Yeeah!

















Already up-to-date. Yeeah!




Already up-to-date. Yeeah!
Updating c3cf9ce..9c6fa32 Fast-forward gamemodes/isamp-core.pwn | 9 ++++++--- 1 file changed, 6 insertions(+), 3 deletions(-)
Updating 9c6fa32..ad55a49 Fast-forward gamemodes/isamp-core.pwn | 18 +++++++++++++++++- 1 file changed, 17 insertions(+), 1 deletion(-)
Updating ad55a49..e001bb9 Fast-forward gamemodes/isamp-carthief.inc | 11 ++++++++--- gamemodes/isamp-core.pwn | 20 ++------------------ gamemodes/isamp-mano.inc | 13 ++++++++++--- gamemodes/isamp-mechanic.inc | 12 ++++++------ gamemodes/isamp-objects.inc | 13 ++----------- gamemodes/isamp-thiefjob.inc | 8 ++++---- 6 files changed, 32 insertions(+), 45 deletions(-)
Updating e001bb9..7da4b9b Fast-forward gamemodes/isamp-carthief.inc | 14 ++- gamemodes/isamp-core.pwn | 235 +++++++++++++++++++---------------------- gamemodes/isamp-maletin.inc | 13 +-- gamemodes/isamp-mechanic.inc | 2 +- gamemodes/isamp-objects.inc | 4 +- gamemodes/isamp-robobanco.inc | 5 +- gamemodes/isamp-thiefjob.inc | 117 ++++++++++---------- gamemodes/isamp-vehicles.inc | 4 +- 8 files changed, 185 insertions(+), 209 deletions(-)
Updating 7da4b9b..b1b4b96 Fast-forward gamemodes/isamp-core.pwn | 189 +++--------------- gamemodes/isamp-missions.inc | 444 ++++++++++++++++++++++++++++++++++++++++++ gamemodes/isamp-util.inc | 3 +- 3 files changed, 474 insertions(+), 162 deletions(-) create mode 100644 gamemodes/isamp-missions.inc
Updating b1b4b96..4087f68 Fast-forward gamemodes/isamp-missions.inc | 4 ++-- 1 file changed, 2 insertions(+), 2 deletions(-)
Updating 4087f68..dbcd4bb Fast-forward gamemodes/isamp-armarios.inc | 2 +- gamemodes/isamp-core.pwn | 11 +++--- gamemodes/isamp-missions.inc | 77 +++++++++++++++++++++++------------------- gamemodes/isamp-vehicles.inc | 2 +- 4 files changed, 49 insertions(+), 43 deletions(-)
Updating dbcd4bb..bc3c794 Fast-forward gamemodes/isamp-missions.inc | 10 +++++----- 1 file changed, 5 insertions(+), 5 deletions(-)
Updating bc3c794..b159605 Fast-forward gamemodes/isamp-ascensor.inc | 2 +- gamemodes/isamp-business.inc | 9 ++-- gamemodes/isamp-carthief.inc | 115 +++++++++++++++++++++--------------------- gamemodes/isamp-core.pwn | 18 ++----- gamemodes/isamp-houses.inc | 10 ++++ gamemodes/isamp-missions.inc | 11 ++-- 6 files changed, 86 insertions(+), 79 deletions(-)
Updating b159605..4b16b95 Fast-forward gamemodes/isamp-core.pwn | 13 +- gamemodes/isamp-missions.inc | 534 +++++++++++++++++++++++----------------- gamemodes/isamp-sprintrace.inc | 6 +- 3 files changed, 319 insertions(+), 234 deletions(-)
Updating 4b16b95..b1130ad Fast-forward gamemodes/isamp-core.pwn | 341 ++++++++++++++++++------------------------ gamemodes/isamp-jobs.inc | 16 +- gamemodes/isamp-mechanic.inc | 2 + gamemodes/isamp-missions.inc | 7 +- gamemodes/isamp-thiefjob.inc | 4 + gamemodes/isamp-vehicles.inc | 113 ++++++++------ 6 files changed, 222 insertions(+), 261 deletions(-)
Updating b1130ad..c25c962 Fast-forward gamemodes/isamp-admin.inc | 7 -- gamemodes/isamp-animhablar.inc | 29 ------- gamemodes/isamp-core.pwn | 114 +++++++++++++++------------ gamemodes/isamp-lojack.inc | 58 -------------- gamemodes/isamp-sprintrace.inc | 167 ++++++++++++++-------------------------- gamemodes/isamp-util.inc | 3 +- gamemodes/isamp-vehicles.inc | 40 ++++++++++ 7 files changed, 164 insertions(+), 254 deletions(-) delete mode 100644 gamemodes/isamp-admin.inc delete mode 100644 gamemodes/isamp-animhablar.inc delete mode 100644 gamemodes/isamp-lojack.inc


Already up-to-date. Yeeah!
Already up-to-date. Yeeah!
Already up-to-date. Yeeah!




Already up-to-date. Yeeah!

Already up-to-date. Yeeah!







Already up-to-date. Yeeah!


Already up-to-date. Yeeah!





Already up-to-date. Yeeah!











Already up-to-date. Yeeah!






Already up-to-date. Yeeah!
Already up-to-date. Yeeah!





Already up-to-date. Yeeah!

Already up-to-date. Yeeah!

Already up-to-date. Yeeah!
Already up-to-date. Yeeah!
Already up-to-date. Yeeah!
Already up-to-date. Yeeah!


Already up-to-date. Yeeah!



Already up-to-date. Yeeah!


Already up-to-date. Yeeah!
Already up-to-date. Yeeah!













Already up-to-date. Yeeah!






Already up-to-date. Yeeah!








Already up-to-date. Yeeah!
Already up-to-date. Yeeah!



Already up-to-date. Yeeah!




Already up-to-date. Yeeah!










Already up-to-date. Yeeah!



Already up-to-date. Yeeah!
Already up-to-date. Yeeah!

Already up-to-date. Yeeah!


Already up-to-date. Yeeah!








Already up-to-date. Yeeah!
Already up-to-date. Yeeah!





Already up-to-date. Yeeah!

Already up-to-date. Yeeah!










Updating c25c962..6772145 Fast-forward gamemodes/isamp-buildings.inc | 438 ++++++++++++++++++++++ gamemodes/isamp-business.inc | 107 +++++- gamemodes/isamp-core.pwn | 815 ++++++----------------------------------- gamemodes/isamp-houses.inc | 58 ++- 4 files changed, 713 insertions(+), 705 deletions(-) create mode 100644 gamemodes/isamp-buildings.inc
Updating 6772145..0194066 Fast-forward gamemodes/isamp-business.inc | 2 +- gamemodes/isamp-core.pwn | 16 +++++++++++----- gamemodes/isamp-robobanco.inc | 2 +- 3 files changed, 13 insertions(+), 7 deletions(-)




Updating 0194066..525ca76 Fast-forward gamemodes/isamp-core.pwn | 9 +- gamemodes/isamp-missions.inc | 2 +- gamemodes/isamp-racesystem.inc | 407 ++++++++++++++++++++++++++++++++++++++++ 3 files changed, 415 insertions(+), 3 deletions(-) create mode 100644 gamemodes/isamp-racesystem.inc
Updating 525ca76..16356af Fast-forward gamemodes/isamp-racesystem.inc | 49 +++++++++++++++++++++++++++------------- 1 file changed, 33 insertions(+), 16 deletions(-)
Updating 16356af..73d3b2a Fast-forward gamemodes/isamp-core.pwn | 2 +- gamemodes/isamp-racesystem.inc | 237 +++++++++++++++++++++++++++++----------- gamemodes/isamp-thiefjob.inc | 4 +- 3 files changed, 175 insertions(+), 68 deletions(-)




Updating 73d3b2a..3fe22bc Fast-forward gamemodes/isamp-core.pwn | 90 +++++++++++++++------------------------------- 1 file changed, 29 insertions(+), 61 deletions(-)
Updating 3fe22bc..873d6be Fast-forward gamemodes/isamp-core.pwn | 5 +++-- 1 file changed, 3 insertions(+), 2 deletions(-)
Updating 873d6be..f456408 Fast-forward gamemodes/isamp-core.pwn | 4 +- gamemodes/isamp-mapeos.inc | 184 +++++++++++++++++++++++++++++++++++------ gamemodes/isamp-robobanco.inc | 15 ++-- 3 files changed, 166 insertions(+), 37 deletions(-)
Updating f456408..fe76613 Fast-forward gamemodes/isamp-core.pwn | 186 ++++++++++++++++++++++++++++---------------- gamemodes/isamp-mapeos.inc | 1 - 2 files changed, 118 insertions(+), 69 deletions(-)
Updating fe76613..08ffb2c Fast-forward gamemodes/isamp-core.pwn | 14 ++++++-------- 1 file changed, 6 insertions(+), 8 deletions(-)
Already up-to-date. Yeeah!














Already up-to-date. Yeeah!
Already up-to-date. Yeeah!






Updating 08ffb2c..b3ebd26 Fast-forward gamemodes/isamp-core.pwn | 61 ---------- gamemodes/isamp-mapeos.inc | 287 +++++++++++++------------------------------- 2 files changed, 84 insertions(+), 264 deletions(-)
Updating b3ebd26..d8eadde Fast-forward gamemodes/isamp-mapeos.inc | 173 +++++++++++++++++++++++------------------- gamemodes/isamp-mechanic.inc | 20 ++--- 2 files changed, 101 insertions(+), 92 deletions(-)
Updating d8eadde..da102fe Fast-forward gamemodes/isamp-mapeos.inc | 19 ++++++++++++++----- gamemodes/isamp-mechanic.inc | 6 +++++- 2 files changed, 19 insertions(+), 6 deletions(-)
Updating da102fe..d09ef12 Fast-forward gamemodes/isamp-core.pwn | 37 ++++++++++++++---------------- gamemodes/isamp-keychain.inc | 51 ++++++++++++++++++++++++------------------ gamemodes/isamp-mapeos.inc | 15 +++++++------ gamemodes/isamp-vehicles.inc | 2 +- 4 files changed, 55 insertions(+), 50 deletions(-)
Updating d09ef12..04a4de0 Fast-forward gamemodes/isamp-core.pwn | 6 +- gamemodes/isamp-robobanco.inc | 147 ++++++++++++++++++++++++----------------- 2 files changed, 90 insertions(+), 63 deletions(-)
Updating 04a4de0..f80b8d2 Fast-forward gamemodes/isamp-core.pwn | 1 + gamemodes/isamp-racesystem.inc | 234 ++++++++++++++++++++++++---------------- gamemodes/isamp-robobanco.inc | 5 +- 3 files changed, 145 insertions(+), 95 deletions(-)
Updating f80b8d2..b65eb9c Fast-forward gamemodes/isamp-robobanco.inc | 335 ++++++++++++++++++----------------------- 1 file changed, 148 insertions(+), 187 deletions(-)
Updating b65eb9c..bcdfbb1 Fast-forward gamemodes/isamp-core.pwn | 2 +- gamemodes/isamp-jobs.inc | 44 +++++++++++++++++++---------------------- gamemodes/isamp-robobanco.inc | 37 ++++++++++++++++++++++++++++++++++ gamemodes/isamp-thiefjob.inc | 17 ++++++++++------ 4 files changed, 69 insertions(+), 31 deletions(-)
Updating bcdfbb1..f654afa Fast-forward gamemodes/isamp-core.pwn | 70 ++++++++++++++-------------------------- gamemodes/isamp-keychain.inc | 12 +++++++ gamemodes/isamp-mapeos.inc | 24 +++++++------- gamemodes/isamp-racesystem.inc | 4 ++- gamemodes/isamp-robobanco.inc | 10 +++--- gamemodes/isamp-vehicles.inc | 15 +++++---- 6 files changed, 65 insertions(+), 70 deletions(-)
Updating f654afa..e11e1e9 Fast-forward gamemodes/isamp-core.pwn | 716 +++++++----------------------------------- gamemodes/isamp-factions.inc | 14 +- gamemodes/isamp-mechanic.inc | 12 +- gamemodes/isamp-missions.inc | 8 +- gamemodes/isamp-util.inc | 3 - gamemodes/isamp-zones.inc | 432 +++++++++++++++++++++++++ 6 files changed, 565 insertions(+), 620 deletions(-) create mode 100644 gamemodes/isamp-zones.inc


Updating e11e1e9..6964fb3 Fast-forward gamemodes/isamp-core.pwn | 7 ------- gamemodes/isamp-keychain.inc | 12 ------------ gamemodes/isamp-vehicles.inc | 6 ------ 3 files changed, 25 deletions(-)
Already up-to-date.

Updating 6964fb3..e23f027 Fast-forward gamemodes/isamp-armarios.inc | 2 +- gamemodes/isamp-casco.inc | 103 ---------------------- gamemodes/isamp-core.pwn | 131 +++++++++++++--------------- gamemodes/isamp-inventory.inc | 17 ++-- gamemodes/isamp-items.inc | 165 ++++++++++++++++------------------- gamemodes/isamp-jobs.inc | 10 --- gamemodes/isamp-mano.inc | 9 +- gamemodes/isamp-objects.inc | 2 +- gamemodes/isamp-slotsystem.inc | 36 +++++++- gamemodes/isamp-thiefjob.inc | 4 +- gamemodes/isamp-toys.inc | 189 ++++++++++++++++++++++++++++++++++++++++ gamemodes/isamp-vehicles.inc | 2 +- 12 files changed, 369 insertions(+), 301 deletions(-) delete mode 100644 gamemodes/isamp-casco.inc create mode 100644 gamemodes/isamp-toys.inc

Already up-to-date. Yeeah!
Already up-to-date.

Updating e23f027..d31ad35 Fast-forward gamemodes/isamp-business.inc | 170 +++++++++++++++++++++++++++++++++++ gamemodes/isamp-core.pwn | 193 ++++++++++------------------------------ gamemodes/isamp-racesystem.inc | 31 +++---- 3 files changed, 235 insertions(+), 159 deletions(-)





Updating d31ad35..c56b9af Fast-forward gamemodes/isamp-items.inc | 32 +++++++++++++++++++++++++++++++- 1 file changed, 31 insertions(+), 1 deletion(-)
Updating c56b9af..2d93b92 Fast-forward gamemodes/isamp-business.inc | 3 ++- 1 file changed, 2 insertions(+), 1 deletion(-)
Updating 2d93b92..acc62fd Fast-forward gamemodes/isamp-business.inc | 64 +++++++++++-- gamemodes/isamp-core.pwn | 210 +++++++++++++++--------------------------- gamemodes/isamp-factions.inc | 78 +--------------- gamemodes/isamp-items.inc | 66 +++++++++---- 4 files changed, 177 insertions(+), 241 deletions(-)
Updating acc62fd..e218a04 Fast-forward gamemodes/isamp-business.inc | 3 ++- gamemodes/isamp-core.pwn | 3 +++ gamemodes/isamp-items.inc | 8 +++++++- 3 files changed, 12 insertions(+), 2 deletions(-)





















































































































































































































































































































































































































































































































































































































































































































































































































































































































































































































































































































































































































































































































































































































































































































































































































































































































































































































































































































































































































































































































































































































































































































































































































































































































































































































































































































































































































































































































































































































































































































































































































































































































































































































































































Updating e218a04..b02af16 Fast-forward gamemodes/isamp-core.pwn | 104 +++++++++++++- gamemodes/isamp-jobs.inc | 306 ++++++++++++++++++++---------------------- gamemodes/isamp-notebook.inc | 136 +++++++++++++++++++ 3 files changed, 386 insertions(+), 160 deletions(-) create mode 100644 gamemodes/isamp-notebook.inc
Updating b02af16..882a5bd Fast-forward gamemodes/isamp-business.inc | 93 ++++++++++++++++++++----------- gamemodes/isamp-core.pwn | 126 ++++++++++++++++++------------------------ 2 files changed, 116 insertions(+), 103 deletions(-)





Updating 882a5bd..bf0eb58 Fast-forward gamemodes/isamp-core.pwn | 103 +++++++++++++++++++++++++++++++++++++++------- 1 file changed, 88 insertions(+), 15 deletions(-)
Updating bf0eb58..4c4dd85 Fast-forward gamemodes/isamp-core.pwn | 151 ++++++++++++---------------------------------- 1 file changed, 38 insertions(+), 113 deletions(-)
Updating 4c4dd85..bf8cc40 Fast-forward gamemodes/isamp-core.pwn | 307 +++++++++++++--------------------------------- 1 file changed, 88 insertions(+), 219 deletions(-)
Updating bf8cc40..1c2ffd0 Fast-forward gamemodes/isamp-business.inc | 4 ++-- gamemodes/isamp-core.pwn | 24 +++++++----------------- 2 files changed, 9 insertions(+), 19 deletions(-)
Updating 1c2ffd0..813885d Fast-forward gamemodes/isamp-business.inc | 4 ++-- gamemodes/isamp-core.pwn | 30 +++++++++++++++--------------- 2 files changed, 17 insertions(+), 17 deletions(-)
Updating 813885d..5c488aa Fast-forward gamemodes/isamp-business.inc | 2 +- 1 file changed, 1 insertion(+), 1 deletion(-)
Updating 5c488aa..2e51b4c Fast-forward gamemodes/isamp-business.inc | 2 +- 1 file changed, 1 insertion(+), 1 deletion(-)

Updating 2e51b4c..5ba381c Fast-forward gamemodes/isamp-core.pwn | 201 +++++++++++++++++++++---------------------- gamemodes/isamp-players.inc | 4 +- 2 files changed, 101 insertions(+), 104 deletions(-)
Updating 5ba381c..77d26f3 Fast-forward gamemodes/isamp-core.pwn | 16 ++--- gamemodes/isamp-mechanic.inc | 157 +++++++++++++++++++++++++++++------------- 2 files changed, 116 insertions(+), 57 deletions(-)
Updating 77d26f3..edd56e3 Fast-forward gamemodes/isamp-core.pwn | 2 +- 1 file changed, 1 insertion(+), 1 deletion(-)
Updating edd56e3..b1800c4 Fast-forward gamemodes/isamp-mechanic.inc | 15 ++++++++------- 1 file changed, 8 insertions(+), 7 deletions(-)
Updating b1800c4..44ddb4d Fast-forward gamemodes/isamp-business.inc | 74 +++++++++++++++++++++--------------------- gamemodes/isamp-core.pwn | 38 +++++++++++----------- gamemodes/isamp-houses.inc | 4 +++ gamemodes/isamp-mano.inc | 6 ++-- 4 files changed, 63 insertions(+), 59 deletions(-)
Updating 44ddb4d..dd6313f Fast-forward gamemodes/isamp-core.pwn | 14 ++++++++++++++ 1 file changed, 14 insertions(+)
Updating dd6313f..4f66974 Fast-forward gamemodes/isamp-core.pwn | 23 +++--- gamemodes/isamp-slotsystem.inc | 28 ------- gamemodes/isamp-toys.inc | 179 +++++++++++++++++++++++++++++++++++----- 3 files changed, 169 insertions(+), 61 deletions(-)
Updating 4f66974..fce6c8a Fast-forward gamemodes/isamp-core.pwn | 1 + gamemodes/isamp-toys.inc | 4 ++-- 2 files changed, 3 insertions(+), 2 deletions(-)
Updating fce6c8a..697ef66 Fast-forward gamemodes/isamp-toys.inc | 4 ++-- 1 file changed, 2 insertions(+), 2 deletions(-)
Updating 697ef66..a1b81d3 Fast-forward gamemodes/isamp-toys.inc | 6 ++++-- 1 file changed, 4 insertions(+), 2 deletions(-)
Updating a1b81d3..b06b7b4 Fast-forward gamemodes/isamp-toys.inc | 2 +- 1 file changed, 1 insertion(+), 1 deletion(-)
Updating b06b7b4..0bda00e Fast-forward gamemodes/isamp-core.pwn | 8 ++++---- 1 file changed, 4 insertions(+), 4 deletions(-)
Updating 0bda00e..10dadef Fast-forward gamemodes/isamp-mechanic.inc | 22 ++++++++++++---------- 1 file changed, 12 insertions(+), 10 deletions(-)
Updating 10dadef..2f43387 Fast-forward gamemodes/isamp-core.pwn | 8 ++++---- 1 file changed, 4 insertions(+), 4 deletions(-)

Updating 2f43387..b74d8cc Fast-forward gamemodes/isamp-core.pwn | 81 +++++++++++++++++++++++++++++++++------------- 1 file changed, 58 insertions(+), 23 deletions(-)
Already up-to-date. Yeeah!

Updating b74d8cc..6ad7e0d Fast-forward include/streamer.inc | 356 ++++++++++---------------------------------------- 1 file changed, 66 insertions(+), 290 deletions(-)
Updating 6ad7e0d..0b9abc3 Fast-forward gamemodes/isamp-core.pwn | 89 ++++++++++++++-------------------------------- 1 file changed, 27 insertions(+), 62 deletions(-)
Updating 0b9abc3..b663eba Fast-forward gamemodes/isamp-mechanic.inc | 20 ++++++++++---------- 1 file changed, 10 insertions(+), 10 deletions(-)
Updating b663eba..5da5f44 Fast-forward gamemodes/isamp-racesystem.inc | 15 ++++++++------- 1 file changed, 8 insertions(+), 7 deletions(-)
Updating 5da5f44..ca12e61 Fast-forward gamemodes/isamp-business.inc | 6 ++++-- gamemodes/isamp-items.inc | 30 ++++++++++++++++++++---------- 2 files changed, 24 insertions(+), 12 deletions(-)
